This is pdfTeX, Version 3.1415926-1.40.10 (MiKTeX 2.8) (preloaded format=pdflatex 2010.10.1)  1 OCT 2010 08:28
entering extended mode
**out.tex
("C:\Documents and Settings\emir\Desktop\mysnip2\out.tex"
LaTeX2e <2009/09/24>
Babel <v3.8l> and hyphenation patterns for english, dumylang, nohyphenation, ge
rman, ngerman, german-x-2009-06-19, ngerman-x-2009-06-19, french, loaded.
(M:\MiKTeX2.8\tex\latex\base\article.cls
Document Class: article 2007/10/19 v1.4h Standard LaTeX document class
(M:\MiKTeX2.8\tex\latex\base\size10.clo
File: size10.clo 2007/10/19 v1.4h Standard LaTeX file (size option)
)
\c@part=\count79
\c@section=\count80
\c@subsection=\count81
\c@subsubsection=\count82
\c@paragraph=\count83
\c@subparagraph=\count84
\c@figure=\count85
\c@table=\count86
\abovecaptionskip=\skip41
\belowcaptionskip=\skip42
\bibindent=\dimen102
)
("C:\Documents and Settings\emir\Application Data\MiKTeX\2.8\tex\latex\moreverb
\moreverb.sty"
Package: moreverb 2008/06/03 v2.3 `more' verbatim facilities
 (M:\MiKTeX2.8\tex\latex\tools\verbatim.sty
Package: verbatim 2003/08/22 v1.5q LaTeX2e package for verbatim enhancements
\every@verbatim=\toks14
\verbatim@line=\toks15
\verbatim@in@stream=\read1
)
\verbatim@out=\write3
\tab@position=\count87
\tab@size=\count88
\listing@line=\count89
)
(M:\MiKTeX2.8\tex\latex\geometry\geometry.sty
Package: geometry 2008/12/21 v4.2 Page Geometry

(M:\MiKTeX2.8\tex\latex\graphics\keyval.sty
Package: keyval 1999/03/16 v1.13 key=value parser (DPC)
\KV@toks@=\toks16
)
(M:\MiKTeX2.8\tex\generic\oberdiek\ifpdf.sty
Package: ifpdf 2009/04/10 v2.0 Provides the ifpdf switch (HO)
Package ifpdf Info: pdfTeX in pdf mode detected.
)
(M:\MiKTeX2.8\tex\generic\oberdiek\ifvtex.sty
Package: ifvtex 2008/11/04 v1.4 Switches for detecting VTeX and its modes (HO)
Package ifvtex Info: VTeX not detected.
)
\Gm@cnth=\count90
\Gm@cntv=\count91
\c@Gm@tempcnt=\count92
\Gm@bindingoffset=\dimen103
\Gm@wd@mp=\dimen104
\Gm@odd@mp=\dimen105
\Gm@even@mp=\dimen106
\Gm@dimlist=\toks17

(M:\MiKTeX2.8\tex\latex\geometry\geometry.cfg))

LaTeX Warning: Unused global option(s):
    [9pt].

("C:\Documents and Settings\emir\Desktop\mysnip2\out.aux")
LaTeX Font Info:    Checking defaults for OML/cmm/m/it on input line 6.
LaTeX Font Info:    ... okay on input line 6.
LaTeX Font Info:    Checking defaults for T1/cmr/m/n on input line 6.
LaTeX Font Info:    ... okay on input line 6.
LaTeX Font Info:    Checking defaults for OT1/cmr/m/n on input line 6.
LaTeX Font Info:    ... okay on input line 6.
LaTeX Font Info:    Checking defaults for OMS/cmsy/m/n on input line 6.
LaTeX Font Info:    ... okay on input line 6.
LaTeX Font Info:    Checking defaults for OMX/cmex/m/n on input line 6.
LaTeX Font Info:    ... okay on input line 6.
LaTeX Font Info:    Checking defaults for U/cmr/m/n on input line 6.
LaTeX Font Info:    ... okay on input line 6.

*geometry auto-detecting driver*
*geometry detected driver: pdftex*

Package geometry Warning: The marginal notes would fall off the page.
     Add 39.54726pt and more to the right margin.

-------------------- Geometry parameters
paper: letterpaper
landscape: --
twocolumn: --
twoside: --
asymmetric: --
h-parts: 28.45274pt, 557.38951pt, 28.45274pt
v-parts: 28.45274pt, 709.61174pt, 56.9055pt
hmarginratio: --
vmarginratio: --
lines: --
heightrounded: --
bindingoffset: 0.0pt
truedimen: --
includehead: --
includefoot: --
includemp: --
driver: pdftex
-------------------- Page layout dimensions and switches
\paperwidth  614.295pt
\paperheight 794.96999pt
\textwidth  557.38951pt
\textheight 709.61174pt
\oddsidemargin  -43.81725pt
\evensidemargin -43.81725pt
\topmargin  -80.81725pt
\headheight 12.0pt
\headsep    25.0pt
\footskip   30.0pt
\marginparwidth 57.0pt
\marginparsep   11.0pt
\columnsep  10.0pt
\skip\footins  9.0pt plus 4.0pt minus 2.0pt
\hoffset 0.0pt
\voffset 0.0pt
\mag 1000

(1in=72.27pt, 1cm=28.45pt)
-----------------------
("C:\Documents and Settings\emir\Desktop\mysnip2\out.toc" [1

{C:/Documents and Settings/emir/Local Settings/Application Data/MiKTeX/2.8/pdft
ex/config/pdftex.map}])
\tf@toc=\write4
 [2] [3]

LaTeX Warning: Characters dropped after `\end{verbatimtab}' on input line 109.


LaTeX Warning: Characters dropped after `\end{verbatimtab}' on input line 128.


LaTeX Warning: Characters dropped after `\end{verbatimtab}' on input line 134.


LaTeX Warning: Characters dropped after `\end{verbatimtab}' on input line 163.

[4]

LaTeX Warning: Characters dropped after `\end{verbatimtab}' on input line 182.


LaTeX Warning: Characters dropped after `\end{verbatimtab}' on input line 208.

[5]

LaTeX Warning: Characters dropped after `\end{verbatimtab}' on input line 227.


LaTeX Warning: Characters dropped after `\end{verbatimtab}' on input line 254.


LaTeX Warning: Characters dropped after `\end{verbatimtab}' on input line 266.


LaTeX Warning: Characters dropped after `\end{verbatimtab}' on input line 274.


LaTeX Warning: Characters dropped after `\end{verbatimtab}' on input line 283.

[6]
Overfull \hbox (4.35559pt too wide) in paragraph at lines 293--293
[]        \OT1/cmtt/m/n/10 friend ostream& operator<<(ostream& os,const Line &a
){return os<<a.A<<"*x + "<<a.B<<"*y = "<<a.C; }[] 
 []


LaTeX Warning: Characters dropped after `\end{verbatimtab}' on input line 302.


LaTeX Warning: Characters dropped after `\end{verbatimtab}' on input line 312.


LaTeX Warning: Characters dropped after `\end{verbatimtab}' on input line 323.

[7]

LaTeX Warning: Characters dropped after `\end{verbatimtab}' on input line 347.


LaTeX Warning: Characters dropped after `\end{verbatimtab}' on input line 387.

[8]

LaTeX Warning: Characters dropped after `\end{verbatimtab}' on input line 420.


LaTeX Warning: Characters dropped after `\end{verbatimtab}' on input line 445.

[9]

LaTeX Warning: Characters dropped after `\end{verbatimtab}' on input line 478.


LaTeX Warning: Characters dropped after `\end{verbatimtab}' on input line 499.

[10]

LaTeX Warning: Characters dropped after `\end{verbatimtab}' on input line 537.


LaTeX Warning: Characters dropped after `\end{verbatimtab}' on input line 550.

[11]

LaTeX Warning: Characters dropped after `\end{verbatimtab}' on input line 589.


LaTeX Warning: Characters dropped after `\end{verbatimtab}' on input line 642.

[12] [13]

LaTeX Warning: Characters dropped after `\end{verbatimtab}' on input line 709.

[14] [15]

LaTeX Warning: Characters dropped after `\end{verbatimtab}' on input line 868.


LaTeX Warning: Characters dropped after `\end{verbatimtab}' on input line 879.

[16]

LaTeX Warning: Characters dropped after `\end{verbatimtab}' on input line 890.


LaTeX Warning: Characters dropped after `\end{verbatimtab}' on input line 908.


LaTeX Warning: Characters dropped after `\end{verbatimtab}' on input line 916.

[17]

LaTeX Warning: Characters dropped after `\end{verbatimtab}' on input line 952.


LaTeX Warning: Characters dropped after `\end{verbatimtab}' on input line 961.


LaTeX Warning: Characters dropped after `\end{verbatimtab}' on input line 978.


LaTeX Warning: Characters dropped after `\end{verbatimtab}' on input line 989.

[18]

LaTeX Warning: Characters dropped after `\end{verbatimtab}' on input line 1003.



LaTeX Warning: Characters dropped after `\end{verbatimtab}' on input line 1027.



LaTeX Warning: Characters dropped after `\end{verbatimtab}' on input line 1040.



LaTeX Warning: Characters dropped after `\end{verbatimtab}' on input line 1051.


[19]

LaTeX Warning: Characters dropped after `\end{verbatimtab}' on input line 1080.



LaTeX Warning: Characters dropped after `\end{verbatimtab}' on input line 1098.



LaTeX Warning: Characters dropped after `\end{verbatimtab}' on input line 1115.



LaTeX Warning: Characters dropped after `\end{verbatimtab}' on input line 1121.


[20]

LaTeX Warning: Characters dropped after `\end{verbatimtab}' on input line 1142.



LaTeX Warning: Characters dropped after `\end{verbatimtab}' on input line 1170.


[21] ("C:\Documents and Settings\emir\Desktop\mysnip2\out.aux") ) 
Here is how much of TeX's memory you used:
 709 strings out of 495285
 9903 string characters out of 3181633
 66562 words of memory out of 3000000
 3962 multiletter control sequences out of 15000+200000
 5020 words of font info for 19 fonts, out of 3000000 for 9000
 14 hyphenation exceptions out of 8191
 23i,4n,19p,189b,262s stack positions out of 5000i,500n,10000p,200000b,50000s
<M:/MiKTeX2.8/
fonts/type1/public/amsfonts/cm/cmbx10.pfb><M:/MiKTeX2.8/fonts/type1/public/amsf
onts/cm/cmbx12.pfb><M:/MiKTeX2.8/fonts/type1/public/amsfonts/cm/cmr10.pfb><M:/M
iKTeX2.8/fonts/type1/public/amsfonts/cm/cmr17.pfb><M:/MiKTeX2.8/fonts/type1/pub
lic/amsfonts/cm/cmtt10.pfb>
Output written on out.pdf (21 pages, 109187 bytes).
PDF statistics:
 90 PDF objects out of 1000 (max. 8388607)
 0 named destinations out of 1000 (max. 500000)
 1 words of extra memory for PDF output out of 10000 (max. 10000000)

